<?xml version="1.0" encoding="UTF-8"?>
<testng-results ignored="0" total="1" passed="1" failed="0" skipped="0">
  <reporter-output>
  </reporter-output>
  <suite started-at="2024-02-22T20:28:14 IST" name="Default suite" finished-at="2024-02-22T20:28:15 IST" duration-ms="267">
    <groups>
    </groups>
    <test started-at="2024-02-22T20:28:14 IST" name="Default test" finished-at="2024-02-22T20:28:15 IST" duration-ms="267">
      <class name="TestNg.DataProviders">
        <test-method signature="Lakshmi(java.lang.String,java.lang.String,java.lang.String)[pri:0, instance:TestNg.DataProviders@223191a6]" started-at="2024-02-22T20:28:14 IST" name="Lakshmi" data-provider="Data" finished-at="2024-02-22T20:28:15 IST" duration-ms="55" status="PASS">
          <params>
            <param index="0">
              <value>
                <![CDATA[Geetha1]]>
              </value>
            </param>
            <param index="1">
              <value>
                <![CDATA[vinod1]]>
              </value>
            </param>
            <param index="2">
              <value>
                <![CDATA[harika1]]>
              </value>
            </param>
          </params>
          <reporter-output>
          </reporter-output>
        </test-method> <!-- Lakshmi -->
      </class> <!-- TestNg.DataProviders -->
    </test> <!-- Default test -->
  </suite> <!-- Default suite -->
</testng-results>
